08/22/2019 01:30:24 PM : Loggedin || testnew
08/30/2019 03:59:38 PM : Loggedin || testnew
08/30/2019 04:09:48 PM : LoggedOut || testnew !
09/16/2019 10:22:12 AM : Loggedin || testnew
09/16/2019 04:49:37 PM : LoggedOut || testnew !
09/16/2019 04:49:45 PM : Loggedin || testnew
09/16/2019 05:08:27 PM : LoggedOut || testnew !
09/16/2019 05:08:54 PM : Loggedin || testnew
09/19/2019 02:33:52 PM : Loggedin || testnew
09/19/2019 03:18:43 PM : Loggedin || testnew
09/19/2019 03:18:55 PM : LoggedOut || testnew !
09/19/2019 03:19:07 PM : Loggedin || testnew
09/21/2019 03:12:52 PM : Loggedin || testnew
09/23/2019 02:42:55 PM : Loggedin || testnew
09/23/2019 02:44:44 PM : Loggedin || testnew
09/23/2019 02:44:55 PM : Loggedin || testnew
09/23/2019 02:45:13 PM : Loggedin || testnew
09/23/2019 02:45:37 PM : Loggedin || testnew
09/23/2019 04:49:05 PM : Loggedin || Anil
09/23/2019 04:49:25 PM : Loggedin || Anil
09/23/2019 04:52:02 PM : Loggedin || Anil
09/23/2019 04:55:02 PM : Loggedin || Anil
09/23/2019 04:55:05 PM : Loggedin || Anil
09/23/2019 04:57:49 PM : Loggedin || Anil
09/23/2019 04:57:49 PM : Loggedin || Anil
09/23/2019 04:57:51 PM : Loggedin || Anil
09/23/2019 04:57:51 PM : Loggedin || Anil
09/24/2019 10:14:37 AM : Loggedin || Anil
09/24/2019 10:14:45 AM : Loggedin || Anil
09/24/2019 10:15:42 AM : Loggedin || Anil
09/24/2019 10:15:44 AM : Loggedin || Anil
09/24/2019 10:26:27 AM : LoggedOut || Anil !
09/24/2019 10:30:21 AM : Loggedin || Anil
09/24/2019 10:30:30 AM : Loggedin || Anil
09/24/2019 12:53:52 PM : Loggedin || Anil
09/24/2019 12:54:01 PM : Loggedin || Anil
09/24/2019 12:54:10 PM : Loggedin || Anil
09/24/2019 12:54:22 PM : Loggedin || Anil
09/24/2019 12:54:24 PM : Loggedin || Anil
09/24/2019 12:54:40 PM : Loggedin || Anil
09/24/2019 12:55:05 PM : Loggedin || Anil
09/24/2019 12:55:29 PM : Loggedin || Anil
09/24/2019 01:27:09 PM : Loggedin || Anil
