10/24/2019 05:11:08 PM : kumar || Record-2 || Updated!
10/24/2019 05:11:38 PM : kumar || Record-16 || Updated!
10/24/2019 05:11:51 PM : kumar || Record-16 || Partial Update!
10/24/2019 05:11:57 PM : kumar || Record-16 || Updated!
10/24/2019 05:12:04 PM : kumar || Record-16 || Updated!
10/24/2019 06:21:48 PM : kumar || Record-18 || Updated!
10/24/2019 06:46:40 PM : admin was deleted Testing11 - 18!
10/24/2019 06:48:38 PM : admin deleted Testing112 - 30!
10/24/2019 06:49:36 PM : admin deleted Testing10231 - 3!
10/24/2019 06:51:39 PM : admin deleted Testing112 - 3!
10/25/2019 11:14:37 AM : admin updated Testing112 - 3!
10/25/2019 11:26:01 AM : admin updated Testing112 - 3!
10/25/2019 11:26:38 AM : admin updated Testing112 - 3!
10/25/2019 11:27:02 AM : admin updated Testing112 - 3!
10/25/2019 11:28:46 AM : admin updated Testing112 - 3!
10/25/2019 11:31:11 AM : admin updated Testing112 - 3!
10/25/2019 11:36:18 AM : admin updated Testing112 - 3!
10/25/2019 11:37:03 AM : admin updated Testing112 - 3!
10/25/2019 11:39:10 AM : admin updated Testing112 - 3!
10/25/2019 11:39:44 AM : admin created Testing11 - 4!
10/25/2019 11:47:49 AM : admin updated Testing11 - 4!
10/25/2019 11:48:22 AM : admin updated Testing - 3!
10/25/2019 11:49:23 AM : admin updated Testing - 3!
10/25/2019 12:04:28 PM : admin created Testing112 - 5!
10/25/2019 12:05:10 PM : admin updated Testing - 3!
10/25/2019 12:05:32 PM : admin updated Testing - 3!
10/25/2019 12:07:46 PM : admin updated Testing - 3!
10/25/2019 12:09:07 PM : admin updated Testing - 3!
10/25/2019 12:11:07 PM : admin updated Testing - 3!
10/25/2019 12:14:01 PM : admin created Testing113 - 6!
10/25/2019 12:14:33 PM : admin updated Testing - 3!
10/25/2019 12:35:12 PM : admin deleted Testing - 3!
10/25/2019 03:09:01 PM : admin updated Testing113 - 6!
10/25/2019 03:09:48 PM : admin updated Testing113 - 6!
10/25/2019 03:11:12 PM : admin updated Testing113 - 6!
10/25/2019 03:12:51 PM : admin updated Testing113 - 6!
10/25/2019 03:13:15 PM : admin updated Testing113 - 6!
10/25/2019 03:14:30 PM : admin updated Testing113 - 6!
10/25/2019 03:18:33 PM : admin updated Testing113 - 6!
10/25/2019 03:19:39 PM : admin updated Testing113 - 6!
10/25/2019 03:22:10 PM : admin updated Testing113 - 6!
10/25/2019 03:22:45 PM : admin updated Testing113 - 6!
10/25/2019 03:23:18 PM : admin updated Testing113 - 6!
